<?xml version="1.0" encoding="UTF-8"?>
<testsuite name="com.example.jwt.domain.entitys.order.unit.OrderControllerUnitTests" tests="1" skipped="0" failures="0" errors="0" timestamp="2022-10-11T10:09:24" hostname="LAPTOP-1FULM01B" time="0.426">
  <properties/>
  <testcase name="create_requestOrderDTOToBeCreated_expectCreatedOrderAsDTO()" classname="com.example.jwt.domain.entitys.order.unit.OrderControllerUnitTests" time="0.426"/>
  <system-out><![CDATA[12:09:16.858 [Test worker] DEBUG org.springframework.test.context.BootstrapUtils - Instantiating CacheAwareContextLoaderDelegate from class [org.springframework.test.context.cache.DefaultCacheAwareContextLoaderDelegate]
12:09:16.887 [Test worker] DEBUG org.springframework.test.context.BootstrapUtils - Instantiating BootstrapContext using constructor [public org.springframework.test.context.support.DefaultBootstrapContext(java.lang.Class,org.springframework.test.context.CacheAwareContextLoaderDelegate)]
12:09:16.980 [Test worker] DEBUG org.springframework.test.context.BootstrapUtils - Instantiating TestContextBootstrapper for test class [com.example.jwt.domain.entitys.order.unit.OrderControllerUnitTests] from class [org.springframework.boot.test.context.SpringBootTestContextBootstrapper]
12:09:17.001 [Test worker] INFO org.springframework.boot.test.context.SpringBootTestContextBootstrapper - Neither @ContextConfiguration nor @ContextHierarchy found for test class [com.example.jwt.domain.entitys.order.unit.OrderControllerUnitTests], using SpringBootContextLoader
12:09:17.006 [Test worker] DEBUG org.springframework.test.context.support.AbstractContextLoader - Did not detect default resource location for test class [com.example.jwt.domain.entitys.order.unit.OrderControllerUnitTests]: class path resource [com/example/jwt/domain/entitys/order/unit/OrderControllerUnitTests-context.xml] does not exist
12:09:17.007 [Test worker] DEBUG org.springframework.test.context.support.AbstractContextLoader - Did not detect default resource location for test class [com.example.jwt.domain.entitys.order.unit.OrderControllerUnitTests]: class path resource [com/example/jwt/domain/entitys/order/unit/OrderControllerUnitTestsContext.groovy] does not exist
12:09:17.007 [Test worker] INFO org.springframework.test.context.support.AbstractContextLoader - Could not detect default resource locations for test class [com.example.jwt.domain.entitys.order.unit.OrderControllerUnitTests]: no resource found for suffixes {-context.xml, Context.groovy}.
12:09:17.008 [Test worker] INFO org.springframework.test.context.support.AnnotationConfigContextLoaderUtils - Could not detect default configuration classes for test class [com.example.jwt.domain.entitys.order.unit.OrderControllerUnitTests]: OrderControllerUnitTests does not declare any static, non-private, non-final, nested classes annotated with @Configuration.
12:09:17.259 [Test worker] DEBUG org.springframework.context.annotation.ClassPathScanningCandidateComponentProvider - Identified candidate component class: file [C:\Users\41774\Desktop\TeaShop2.0\build\classes\java\main\com\example\jwt\JwtApplication.class]
12:09:17.260 [Test worker] INFO org.springframework.boot.test.context.SpringBootTestContextBootstrapper - Found @SpringBootConfiguration com.example.jwt.JwtApplication for test class com.example.jwt.domain.entitys.order.unit.OrderControllerUnitTests
12:09:17.378 [Test worker] DEBUG org.springframework.boot.test.context.SpringBootTestContextBootstrapper - @TestExecutionListeners is not present for class [com.example.jwt.domain.entitys.order.unit.OrderControllerUnitTests]: using defaults.
12:09:17.379 [Test worker] INFO org.springframework.boot.test.context.SpringBootTestContextBootstrapper - Loaded default TestExecutionListener class names from location [META-INF/spring.factories]: [org.springframework.security.test.context.support.WithSecurityContextTestExecutionListener, org.springframework.security.test.context.support.ReactorContextTestExecutionListener, org.springframework.boot.test.autoconfigure.restdocs.RestDocsTestExecutionListener, org.springframework.boot.test.autoconfigure.web.client.MockRestServiceServerResetTestExecutionListener, org.springframework.boot.test.autoconfigure.web.servlet.MockMvcPrintOnlyOnFailureTestExecutionListener, org.springframework.boot.test.autoconfigure.web.servlet.WebDriverTestExecutionListener, org.springframework.boot.test.autoconfigure.webservices.client.MockWebServiceServerTestExecutionListener, org.springframework.boot.test.mock.mockito.MockitoTestExecutionListener, org.springframework.boot.test.mock.mockito.ResetMocksTestExecutionListener, org.springframework.test.context.web.ServletTestExecutionListener, org.springframework.test.context.support.DirtiesContextBeforeModesTestExecutionListener, org.springframework.test.context.event.ApplicationEventsTestExecutionListener, org.springframework.test.context.support.DependencyInjectionTestExecutionListener, org.springframework.test.context.support.DirtiesContextTestExecutionListener, org.springframework.test.context.transaction.TransactionalTestExecutionListener, org.springframework.test.context.jdbc.SqlScriptsTestExecutionListener, org.springframework.test.context.event.EventPublishingTestExecutionListener]
12:09:17.400 [Test worker] INFO org.springframework.boot.test.context.SpringBootTestContextBootstrapper - Using TestExecutionListeners: [org.springframework.test.context.web.ServletTestExecutionListener@5910de75, org.springframework.test.context.support.DirtiesContextBeforeModesTestExecutionListener@4108fa66, org.springframework.test.context.event.ApplicationEventsTestExecutionListener@1f130eaf, org.springframework.boot.test.mock.mockito.MockitoTestExecutionListener@7e0aadd0, org.springframework.boot.test.autoconfigure.SpringBootDependencyInjectionTestExecutionListener@21362712, org.springframework.test.context.support.DirtiesContextTestExecutionListener@27eb3298, org.springframework.test.context.transaction.TransactionalTestExecutionListener@200a26bc, org.springframework.test.context.jdbc.SqlScriptsTestExecutionListener@bc57b40, org.springframework.security.test.context.support.WithSecurityContextTestExecutionListener@1b5bc39d, org.springframework.test.context.event.EventPublishingTestExecutionListener@655a5d9c, org.springframework.security.test.context.support.ReactorContextTestExecutionListener@1494b84d, org.springframework.boot.test.autoconfigure.restdocs.RestDocsTestExecutionListener@34abdee4, org.springframework.boot.test.autoconfigure.web.client.MockRestServiceServerResetTestExecutionListener@71a9b4c7, org.springframework.boot.test.autoconfigure.web.servlet.MockMvcPrintOnlyOnFailureTestExecutionListener@4628b1d3, org.springframework.boot.test.autoconfigure.web.servlet.WebDriverTestExecutionListener@77cf3f8b, org.springframework.boot.test.autoconfigure.webservices.client.MockWebServiceServerTestExecutionListener@1df98368, org.springframework.boot.test.mock.mockito.ResetMocksTestExecutionListener@21ca139c]
12:09:17.404 [Test worker] DEBUG org.springframework.test.context.support.AbstractDirtiesContextTestExecutionListener - Before test class: context [DefaultTestContext@4c4d362a testClass = OrderControllerUnitTests, testInstance = [null], testMethod = [null], testException = [null], mergedContextConfiguration = [WebMergedContextConfiguration@5400db36 testClass = OrderControllerUnitTests, locations = '{}', classes = '{class com.example.jwt.JwtApplication}', contextInitializerClasses = '[]', activeProfiles = '{test}', propertySourceLocations = '{}', propertySourceProperties = '{org.springframework.boot.test.context.SpringBootTestContextBootstrapper=true}', contextCustomizers = set[org.springframework.boot.test.autoconfigure.actuate.metrics.MetricsExportContextCustomizerFactory$DisableMetricExportContextCustomizer@55dfebeb, org.springframework.boot.test.autoconfigure.properties.PropertyMappingContextCustomizer@4b3fa0b3, org.springframework.boot.test.autoconfigure.web.servlet.WebDriverContextCustomizerFactory$Customizer@1ecee32c, [ImportsContextCustomizer@76b74e9c key = [org.springframework.boot.test.autoconfigure.web.servlet.MockMvcAutoConfiguration, org.springframework.boot.test.autoconfigure.web.servlet.MockMvcWebClientAutoConfiguration, org.springframework.boot.test.autoconfigure.web.servlet.MockMvcWebDriverAutoConfiguration, org.springframework.boot.autoconfigure.security.oauth2.client.servlet.OAuth2ClientAutoConfiguration, org.springframework.boot.autoconfigure.security.oauth2.resource.servlet.OAuth2ResourceServerAutoConfiguration, org.springframework.boot.autoconfigure.security.servlet.SecurityAutoConfiguration, org.springframework.boot.autoconfigure.security.servlet.SecurityFilterAutoConfiguration, org.springframework.boot.autoconfigure.security.servlet.UserDetailsServiceAutoConfiguration, org.springframework.boot.test.autoconfigure.web.servlet.MockMvcSecurityConfiguration, org.springframework.boot.test.autoconfigure.web.reactive.WebTestClientAutoConfiguration]], org.springframework.boot.test.context.filter.ExcludeFilterContextCustomizer@2072acb2, org.springframework.boot.test.json.DuplicateJsonObjectContextCustomizerFactory$DuplicateJsonObjectContextCustomizer@732f29af, org.springframework.boot.test.mock.mockito.MockitoContextCustomizer@9416790c, org.springframework.boot.test.web.client.TestRestTemplateContextCustomizer@37052337, org.springframework.boot.test.context.SpringBootTestArgs@1, org.springframework.boot.test.context.SpringBootTestWebEnvironment@7c24b813], resourceBasePath = 'src/main/webapp', contextLoader = 'org.springframework.boot.test.context.SpringBootContextLoader', parent = [null]], attributes = map['org.springframework.test.context.web.ServletTestExecutionListener.activateListener' -> true]], class annotated with @DirtiesContext [false] with mode [null].

  .   ____          _            __ _ _
 /\\ / ___'_ __ _ _(_)_ __  __ _ \ \ \ \
( ( )\___ | '_ | '_| | '_ \/ _` | \ \ \ \
 \\/  ___)| |_)| | | | | || (_| |  ) ) ) )
  '  |____| .__|_| |_|_| |_\__, | / / / /
 =========|_|==============|___/=/_/_/_/
 :: Spring Boot ::                (v2.7.2)

2022-10-11 12:09:17.840  INFO 4028 --- [    Test worker] c.e.j.d.e.o.u.OrderControllerUnitTests   : Starting OrderControllerUnitTests using Java 17.0.2 on LAPTOP-1FULM01B with PID 4028 (started by 41774 in C:\Users\41774\Desktop\TeaShop2.0)
2022-10-11 12:09:17.842  INFO 4028 --- [    Test worker] c.e.j.d.e.o.u.OrderControllerUnitTests   : The following 1 profile is active: "test"
2022-10-11 12:09:18.887  INFO 4028 --- [    Test worker] .s.d.r.c.RepositoryConfigurationDelegate : Bootstrapping Spring Data JPA repositories in DEFAULT mode.
2022-10-11 12:09:19.027  INFO 4028 --- [    Test worker] .s.d.r.c.RepositoryConfigurationDelegate : Finished Spring Data repository scanning in 130 ms. Found 9 JPA repository interfaces.
2022-10-11 12:09:20.582  INFO 4028 --- [    Test worker] o.hibernate.jpa.internal.util.LogHelper  : HHH000204: Processing PersistenceUnitInfo [name: default]
2022-10-11 12:09:20.665  INFO 4028 --- [    Test worker] org.hibernate.Version                    : HHH000412: Hibernate ORM core version 5.6.10.Final
2022-10-11 12:09:20.722  INFO 4028 --- [    Test worker] o.hibernate.annotations.common.Version   : HCANN000001: Hibernate Commons Annotations {5.1.2.Final}
2022-10-11 12:09:20.866  INFO 4028 --- [    Test worker] com.zaxxer.hikari.HikariDataSource       : HikariPool-1 - Starting...
2022-10-11 12:09:21.090  INFO 4028 --- [    Test worker] com.zaxxer.hikari.HikariDataSource       : HikariPool-1 - Start completed.
2022-10-11 12:09:21.109  INFO 4028 --- [    Test worker] org.hibernate.dialect.Dialect            : HHH000400: Using dialect: org.hibernate.dialect.H2Dialect
2022-10-11 12:09:21.967  INFO 4028 --- [    Test worker] o.h.t.schema.internal.SchemaCreatorImpl  : HHH000476: Executing import script 'file:/C:/Users/41774/Desktop/TeaShop2.0/build/resources/main/import.sql'
2022-10-11 12:09:21.970  INFO 4028 --- [    Test worker] o.h.e.t.j.p.i.JtaPlatformInitiator       : HHH000490: Using JtaPlatform implementation: [org.hibernate.engine.transaction.jta.platform.internal.NoJtaPlatform]
2022-10-11 12:09:21.983  INFO 4028 --- [    Test worker] j.LocalContainerEntityManagerFactoryBean : Initialized JPA EntityManagerFactory for persistence unit 'default'
2022-10-11 12:09:23.127  INFO 4028 --- [    Test worker] o.s.s.web.DefaultSecurityFilterChain     : Will secure any request with [org.springframework.security.web.session.DisableEncodeUrlFilter@37fc7e3c, org.springframework.security.web.context.request.async.WebAsyncManagerIntegrationFilter@1c96bf1e, org.springframework.security.web.context.SecurityContextPersistenceFilter@3e729d46, org.springframework.security.web.header.HeaderWriterFilter@3305897c, org.springframework.web.filter.CorsFilter@7890324e, org.springframework.security.web.authentication.logout.LogoutFilter@254210b1, com.example.jwt.core.security.CustomAuthenticationFilter@14764fdd, com.example.jwt.core.security.CustomAuthorizationFilter@402fdef1, org.springframework.security.web.savedrequest.RequestCacheAwareFilter@47d0195b, org.springframework.security.web.servletapi.SecurityContextHolderAwareRequestFilter@6de2344a, org.springframework.security.web.authentication.AnonymousAuthenticationFilter@69e8f7a5, org.springframework.security.web.session.SessionManagementFilter@28ffa527, org.springframework.security.web.access.ExceptionTranslationFilter@4def900a, org.springframework.security.web.access.intercept.FilterSecurityInterceptor@3533d790]
2022-10-11 12:09:23.463  WARN 4028 --- [    Test worker] JpaBaseConfiguration$JpaWebConfiguration : spring.jpa.open-in-view is enabled by default. Therefore, database queries may be performed during view rendering. Explicitly configure spring.jpa.open-in-view to disable this warning
2022-10-11 12:09:24.417  INFO 4028 --- [    Test worker] o.s.b.t.m.w.SpringBootMockServletContext : Initializing Spring TestDispatcherServlet ''
2022-10-11 12:09:24.417  INFO 4028 --- [    Test worker] o.s.t.web.servlet.TestDispatcherServlet  : Initializing Servlet ''
2022-10-11 12:09:24.419  INFO 4028 --- [    Test worker] o.s.t.web.servlet.TestDispatcherServlet  : Completed initialization in 2 ms
2022-10-11 12:09:24.448  INFO 4028 --- [    Test worker] c.e.j.d.e.o.u.OrderControllerUnitTests   : Started OrderControllerUnitTests in 6.989 seconds (JVM running for 8.87)
---------->fb591eee-18eb-4282-a1fd-97fd74aba8dc
55.0
]]></system-out>
  <system-err><![CDATA[]]></system-err>
</testsuite>
