<?xml version="1.0" encoding="UTF-8"?>
<testsuite name="com.example.TeaShop2.domain.entitys.country.unit.CountryControllerUnitTests" tests="3" skipped="0" failures="0" errors="0" timestamp="2022-11-01T12:38:23" hostname="LAPTOP-1FULM01B" time="0.26">
  <properties/>
  <testcase name="GetAll" classname="com.example.TeaShop2.domain.entitys.country.unit.CountryControllerUnitTests" time="0.095"/>
  <testcase name="deleteById_requestCountryById_expectdeletedCountry()" classname="com.example.TeaShop2.domain.entitys.country.unit.CountryControllerUnitTests" time="0.134"/>
  <testcase name="retrieveById_requestCountryById_expectCountryAsDTO()" classname="com.example.TeaShop2.domain.entitys.country.unit.CountryControllerUnitTests" time="0.025"/>
  <system-out><![CDATA[2022-11-01 13:38:19.570  INFO 13712 --- [    Test worker] .b.t.c.SpringBootTestContextBootstrapper : Neither @ContextConfiguration nor @ContextHierarchy found for test class [com.example.TeaShop2.domain.entitys.country.unit.CountryControllerUnitTests], using SpringBootContextLoader
2022-11-01 13:38:19.572  INFO 13712 --- [    Test worker] o.s.t.c.support.AbstractContextLoader    : Could not detect default resource locations for test class [com.example.TeaShop2.domain.entitys.country.unit.CountryControllerUnitTests]: no resource found for suffixes {-context.xml, Context.groovy}.
2022-11-01 13:38:19.572  INFO 13712 --- [    Test worker] t.c.s.AnnotationConfigContextLoaderUtils : Could not detect default configuration classes for test class [com.example.TeaShop2.domain.entitys.country.unit.CountryControllerUnitTests]: CountryControllerUnitTests does not declare any static, non-private, non-final, nested classes annotated with @Configuration.
2022-11-01 13:38:19.600  INFO 13712 --- [    Test worker] .b.t.c.SpringBootTestContextBootstrapper : Found @SpringBootConfiguration com.example.TeaShop2.TeaShop2Application for test class com.example.TeaShop2.domain.entitys.country.unit.CountryControllerUnitTests
2022-11-01 13:38:19.604  INFO 13712 --- [    Test worker] .b.t.c.SpringBootTestContextBootstrapper : Loaded default TestExecutionListener class names from location [META-INF/spring.factories]: [org.springframework.security.test.context.support.WithSecurityContextTestExecutionListener, org.springframework.security.test.context.support.ReactorContextTestExecutionListener, org.springframework.boot.test.autoconfigure.restdocs.RestDocsTestExecutionListener, org.springframework.boot.test.autoconfigure.web.client.MockRestServiceServerResetTestExecutionListener, org.springframework.boot.test.autoconfigure.web.servlet.MockMvcPrintOnlyOnFailureTestExecutionListener, org.springframework.boot.test.autoconfigure.web.servlet.WebDriverTestExecutionListener, org.springframework.boot.test.autoconfigure.webservices.client.MockWebServiceServerTestExecutionListener, org.springframework.boot.test.mock.mockito.MockitoTestExecutionListener, org.springframework.boot.test.mock.mockito.ResetMocksTestExecutionListener, org.springframework.test.context.web.ServletTestExecutionListener, org.springframework.test.context.support.DirtiesContextBeforeModesTestExecutionListener, org.springframework.test.context.event.ApplicationEventsTestExecutionListener, org.springframework.test.context.support.DependencyInjectionTestExecutionListener, org.springframework.test.context.support.DirtiesContextTestExecutionListener, org.springframework.test.context.transaction.TransactionalTestExecutionListener, org.springframework.test.context.jdbc.SqlScriptsTestExecutionListener, org.springframework.test.context.event.EventPublishingTestExecutionListener]
2022-11-01 13:38:19.605  INFO 13712 --- [    Test worker] .b.t.c.SpringBootTestContextBootstrapper : Using TestExecutionListeners: [org.springframework.test.context.web.ServletTestExecutionListener@66abb7d4, org.springframework.test.context.support.DirtiesContextBeforeModesTestExecutionListener@494f74cd, org.springframework.test.context.event.ApplicationEventsTestExecutionListener@359ae83a, org.springframework.boot.test.mock.mockito.MockitoTestExecutionListener@4fddd42b, org.springframework.boot.test.autoconfigure.SpringBootDependencyInjectionTestExecutionListener@7473cf13, org.springframework.test.context.support.DirtiesContextTestExecutionListener@4628344c, org.springframework.test.context.transaction.TransactionalTestExecutionListener@2411cf8b, org.springframework.test.context.jdbc.SqlScriptsTestExecutionListener@54c3bae, org.springframework.security.test.context.support.WithSecurityContextTestExecutionListener@6fad6743, org.springframework.test.context.event.EventPublishingTestExecutionListener@68a0a4ae, org.springframework.security.test.context.support.ReactorContextTestExecutionListener@426753a6, org.springframework.boot.test.autoconfigure.restdocs.RestDocsTestExecutionListener@2692910f, org.springframework.boot.test.autoconfigure.web.client.MockRestServiceServerResetTestExecutionListener@22816de1, org.springframework.boot.test.autoconfigure.web.servlet.MockMvcPrintOnlyOnFailureTestExecutionListener@4f6938cb, org.springframework.boot.test.autoconfigure.web.servlet.WebDriverTestExecutionListener@376ba8e3, org.springframework.boot.test.autoconfigure.webservices.client.MockWebServiceServerTestExecutionListener@5434de8, org.springframework.boot.test.mock.mockito.ResetMocksTestExecutionListener@2c84d6c4]

  .   ____          _            __ _ _
 /\\ / ___'_ __ _ _(_)_ __  __ _ \ \ \ \
( ( )\___ | '_ | '_| | '_ \/ _` | \ \ \ \
 \\/  ___)| |_)| | | | | || (_| |  ) ) ) )
  '  |____| .__|_| |_|_| |_\__, | / / / /
 =========|_|==============|___/=/_/_/_/
 :: Spring Boot ::                (v2.7.2)

2022-11-01 13:38:19.650  INFO 13712 --- [    Test worker] c.e.T.d.e.c.u.CountryControllerUnitTests : Starting CountryControllerUnitTests using Java 18.0.2 on LAPTOP-1FULM01B with PID 13712 (started by 41774 in C:\Users\41774\Desktop\TeaShop2.0)
2022-11-01 13:38:19.650  INFO 13712 --- [    Test worker] c.e.T.d.e.c.u.CountryControllerUnitTests : The following 1 profile is active: "test"
2022-11-01 13:38:20.092  INFO 13712 --- [    Test worker] .s.d.r.c.RepositoryConfigurationDelegate : Bootstrapping Spring Data JPA repositories in DEFAULT mode.
2022-11-01 13:38:20.248  INFO 13712 --- [    Test worker] .s.d.r.c.RepositoryConfigurationDelegate : Finished Spring Data repository scanning in 154 ms. Found 10 JPA repository interfaces.
2022-11-01 13:38:20.821  INFO 13712 --- [    Test worker] o.hibernate.jpa.internal.util.LogHelper  : HHH000204: Processing PersistenceUnitInfo [name: default]
2022-11-01 13:38:20.839  INFO 13712 --- [    Test worker] com.zaxxer.hikari.HikariDataSource       : HikariPool-4 - Starting...
2022-11-01 13:38:20.842  INFO 13712 --- [    Test worker] com.zaxxer.hikari.HikariDataSource       : HikariPool-4 - Start completed.
2022-11-01 13:38:20.842  INFO 13712 --- [    Test worker] org.hibernate.dialect.Dialect            : HHH000400: Using dialect: org.hibernate.dialect.H2Dialect
2022-11-01 13:38:21.232  INFO 13712 --- [    Test worker] o.h.e.t.j.p.i.JtaPlatformInitiator       : HHH000490: Using JtaPlatform implementation: [org.hibernate.engine.transaction.jta.platform.internal.NoJtaPlatform]
2022-11-01 13:38:21.233  INFO 13712 --- [    Test worker] j.LocalContainerEntityManagerFactoryBean : Initialized JPA EntityManagerFactory for persistence unit 'default'
2022-11-01 13:38:21.830  INFO 13712 --- [    Test worker] o.s.s.web.DefaultSecurityFilterChain     : Will secure any request with [org.springframework.security.web.session.DisableEncodeUrlFilter@42017162, org.springframework.security.web.context.request.async.WebAsyncManagerIntegrationFilter@66049424, org.springframework.security.web.context.SecurityContextPersistenceFilter@6f286e1d, org.springframework.security.web.header.HeaderWriterFilter@14a7e16e, org.springframework.web.filter.CorsFilter@8eb1297, org.springframework.security.web.authentication.logout.LogoutFilter@2079ce51, com.example.TeaShop2.core.security.CustomAuthenticationFilter@766f2d65, com.example.TeaShop2.core.security.CustomAuthorizationFilter@3f2cc8ab, org.springframework.security.web.savedrequest.RequestCacheAwareFilter@46ae1e6b, org.springframework.security.web.servletapi.SecurityContextHolderAwareRequestFilter@6d293b41, org.springframework.security.web.authentication.AnonymousAuthenticationFilter@7dcbcede, org.springframework.security.web.session.SessionManagementFilter@59171a5d, org.springframework.security.web.access.ExceptionTranslationFilter@63f95ac1, org.springframework.security.web.access.intercept.FilterSecurityInterceptor@221b9c2b]
2022-11-01 13:38:22.074  WARN 13712 --- [    Test worker] JpaBaseConfiguration$JpaWebConfiguration : spring.jpa.open-in-view is enabled by default. Therefore, database queries may be performed during view rendering. Explicitly configure spring.jpa.open-in-view to disable this warning
2022-11-01 13:38:23.023  INFO 13712 --- [    Test worker] o.s.b.t.m.w.SpringBootMockServletContext : Initializing Spring TestDispatcherServlet ''
2022-11-01 13:38:23.023  INFO 13712 --- [    Test worker] o.s.t.web.servlet.TestDispatcherServlet  : Initializing Servlet ''
2022-11-01 13:38:23.025  INFO 13712 --- [    Test worker] o.s.t.web.servlet.TestDispatcherServlet  : Completed initialization in 1 ms
2022-11-01 13:38:23.062  INFO 13712 --- [    Test worker] c.e.T.d.e.c.u.CountryControllerUnitTests : Started CountryControllerUnitTests in 3.452 seconds (JVM running for 29.71)
]]></system-out>
  <system-err><![CDATA[]]></system-err>
</testsuite>
